#
# There is insufficient memory for the Java Runtime Environment to continue.
# Native memory allocation (mmap) failed to map 264241152 bytes. Error detail: G1 virtual space
# Possible reasons:
#   The system is out of physical RAM or swap space
#   This process is running with CompressedOops enabled, and the Java Heap may be blocking the growth of the native heap
# Possible solutions:
#   Reduce memory load on the system
#   Increase physical memory or swap space
#   Check if swap backing store is full
#   Decrease Java heap size (-Xmx/-Xms)
#   Decrease number of Java threads
#   Decrease Java thread stack sizes (-Xss)
#   Set larger code cache with -XX:ReservedCodeCacheSize=
#   JVM is running with Zero Based Compressed Oops mode in which the Java heap is
#     placed in the first 32GB address space. The Java Heap base address is the
#     maximum limit for the native heap growth. Please use -XX:HeapBaseMinAddress
#     to set the Java Heap base and to place the Java Heap above 32GB virtual address.
# This output file may be truncated or incomplete.
#
#  Out of Memory Error (os_windows.cpp:3710), pid=24064, tid=29128
#
# JRE version:  (17.0.16+8) (build )
# Java VM: OpenJDK 64-Bit Server VM (17.0.16+8-LTS, mixed mode, sharing, tiered, compressed oops, compressed class ptrs, g1 gc, windows-amd64)
# No core dump will be written. Minidumps are not enabled by default on client versions of Windows
#

---------------  S U M M A R Y ------------

Command Line: -javaagent:C:\Program Files\JetBrains\IntelliJ IDEA 2025.2.2\lib\idea_rt.jar=58737 -Dfile.encoding=UTF-8 com.nethmadtharuka.ai_research_platform.AiResearchPlatformApplication

Host: 12th Gen Intel(R) Core(TM) i5-1235U, 12 cores, 15G,  Windows 11 , 64 bit Build 26100 (10.0.26100.7309)
Time: Sat Jan 24 12:39:17 2026 Sri Lanka Standard Time elapsed time: 2.033348 seconds (0d 0h 0m 2s)

---------------  T H R E A D  ---------------

Current thread (0x00000276c074de50):  JavaThread "Unknown thread" [_thread_in_vm, id=29128, stack(0x000000f5be900000,0x000000f5bea00000)]

Stack: [0x000000f5be900000,0x000000f5bea00000]
Native frames: (J=compiled Java code, j=interpreted, Vv=VM code, C=native code)
V  [jvm.dll+0x68ee19]
V  [jvm.dll+0x846249]
V  [jvm.dll+0x847fb8]
V  [jvm.dll+0x848643]
V  [jvm.dll+0x24cf6f]
V  [jvm.dll+0x68bde9]
V  [jvm.dll+0x6803aa]
V  [jvm.dll+0x30ffc0]
V  [jvm.dll+0x30fe62]
V  [jvm.dll+0x3173b9]
V  [jvm.dll+0x3695e9]
V  [jvm.dll+0x36981d]
V  [jvm.dll+0x2e683a]
V  [jvm.dll+0x2e7748]
V  [jvm.dll+0x8186fe]
V  [jvm.dll+0x377251]
V  [jvm.dll+0x7f6d45]
V  [jvm.dll+0x3fd00b]
V  [jvm.dll+0x3fec41]
C  [jli.dll+0x52f0]
C  [ucrtbase.dll+0x37b0]
C  [KERNEL32.DLL+0x2e8d7]
C  [ntdll.dll+0x8c53c]


---------------  P R O C E S S  ---------------

Threads class SMR info:
_java_thread_list=0x00007ffd80947018, length=0, elements={
}

Java Threads: ( => current thread )

Other Threads:
  0x00000276c07b9480 GCTaskThread "GC Thread#0" [stack: 0x000000f5bea00000,0x000000f5beb00000] [id=30368]
  0x00000276c07c9ea0 ConcurrentGCThread "G1 Main Marker" [stack: 0x000000f5beb00000,0x000000f5bec00000] [id=33068]
  0x00000276c07ca8c0 ConcurrentGCThread "G1 Conc#0" [stack: 0x000000f5bec00000,0x000000f5bed00000] [id=34076]

[error occurred during error reporting (printing all threads), id 0xc0000005, EXCEPTION_ACCESS_VIOLATION (0xc0000005) at pc=0x00007ffd800f7307]

VM state: not at safepoint (not fully initialized)

VM Mutex/Monitor currently owned by a thread:  ([mutex/lock_event])
[0x00000276c0746910] Heap_lock - owner thread: 0x00000276c074de50

Heap address: 0x0000000705200000, size: 4014 MB, Compressed Oops mode: Zero based, Oop shift amount: 3

CDS archive(s) mapped at: [0x0000000000000000-0x0000000000000000-0x0000000000000000), size 0, SharedBaseAddress: 0x0000000800000000, ArchiveRelocationMode: 1.
Narrow klass base: 0x0000000000000000, Narrow klass shift: 0, Narrow klass range: 0x0

GC Precious Log:
<Empty>

Heap:
 garbage-first heap   total 0K, used 0K [0x0000000705200000, 0x0000000800000000)
  region size 2048K, 0 young (0K), 0 survivors (0K)

[error occurred during error reporting (printing heap information), id 0xc0000005, EXCEPTION_ACCESS_VIOLATION (0xc0000005) at pc=0x00007ffd804e8979]

GC Heap History (0 events):
No events

Dll operation events (1 events):
Event: 0.012 Loaded shared library C:\Users\HP\.jdks\ms-17.0.16\bin\java.dll

Deoptimization events (0 events):
No events

Classes loaded (0 events):
No events

Classes unloaded (0 events):
No events

Classes redefined (0 events):
No events

Internal exceptions (0 events):
No events

VM Operations (0 events):
No events

Memory protections (0 events):
No events

Nmethod flushes (0 events):
No events

Events (0 events):
No events


Dynamic libraries:
0x00007ff7867a0000 - 0x00007ff7867ae000 	C:\Users\HP\.jdks\ms-17.0.16\bin\java.exe
0x00007ffdf9fc0000 - 0x00007ffdfa227000 	C:\WINDOWS\SYSTEM32\ntdll.dll
0x00007ffdf9010000 - 0x00007ffdf90d9000 	C:\WINDOWS\System32\KERNEL32.DLL
0x00007ffdf7790000 - 0x00007ffdf7b7f000 	C:\WINDOWS\System32\KERNELBASE.dll
0x00007ffdf7640000 - 0x00007ffdf778b000 	C:\WINDOWS\System32\ucrtbase.dll
0x00007ffdb7a90000 - 0x00007ffdb7aa8000 	C:\Users\HP\.jdks\ms-17.0.16\bin\jli.dll
0x00007ffdb7a70000 - 0x00007ffdb7a8e000 	C:\Users\HP\.jdks\ms-17.0.16\bin\VCRUNTIME140.dll
0x00007ffdf7ed0000 - 0x00007ffdf8095000 	C:\WINDOWS\System32\USER32.dll
0x00007ffdf7d00000 - 0x00007ffdf7d27000 	C:\WINDOWS\System32\win32u.dll
0x00007ffdc2fd0000 - 0x00007ffdc3263000 	C:\WINDOWS\WinSxS\amd64_microsoft.windows.common-controls_6595b64144ccf1df_6.0.26100.7309_none_3e05feeae336a044\COMCTL32.dll
0x00007ffdf9990000 - 0x00007ffdf99bb000 	C:\WINDOWS\System32\GDI32.dll
0x00007ffdf9290000 - 0x00007ffdf9339000 	C:\WINDOWS\System32\msvcrt.dll
0x00007ffdf7190000 - 0x00007ffdf72bc000 	C:\WINDOWS\System32\gdi32full.dll
0x00007ffdf70e0000 - 0x00007ffdf7183000 	C:\WINDOWS\System32\msvcp_win.dll
0x00007ffdf90e0000 - 0x00007ffdf9111000 	C:\WINDOWS\System32\IMM32.DLL
0x00007ffdf3870000 - 0x00007ffdf387c000 	C:\Users\HP\.jdks\ms-17.0.16\bin\vcruntime140_1.dll
0x00007ffdb6430000 - 0x00007ffdb64b9000 	C:\Users\HP\.jdks\ms-17.0.16\bin\msvcp140.dll
0x00007ffd7fe00000 - 0x00007ffd80a7a000 	C:\Users\HP\.jdks\ms-17.0.16\bin\server\jvm.dll
0x00007ffdf82e0000 - 0x00007ffdf8394000 	C:\WINDOWS\System32\ADVAPI32.dll
0x00007ffdf80e0000 - 0x00007ffdf8186000 	C:\WINDOWS\System32\sechost.dll
0x00007ffdf83a0000 - 0x00007ffdf84b8000 	C:\WINDOWS\System32\RPCRT4.dll
0x00007ffdf99c0000 - 0x00007ffdf9a34000 	C:\WINDOWS\System32\WS2_32.dll
0x00007ffdecb80000 - 0x00007ffdecbb5000 	C:\WINDOWS\SYSTEM32\WINMM.dll
0x00007ffdf6f60000 - 0x00007ffdf6fbe000 	C:\WINDOWS\SYSTEM32\POWRPROF.dll
0x00007ffdf59e0000 - 0x00007ffdf59eb000 	C:\WINDOWS\SYSTEM32\VERSION.dll
0x00007ffdf6f40000 - 0x00007ffdf6f54000 	C:\WINDOWS\SYSTEM32\UMPDC.dll
0x00007ffdf5df0000 - 0x00007ffdf5e0b000 	C:\WINDOWS\SYSTEM32\kernel.appcore.dll
0x00007ffdf3860000 - 0x00007ffdf386a000 	C:\Users\HP\.jdks\ms-17.0.16\bin\jimage.dll
0x00007ffdf4500000 - 0x00007ffdf4742000 	C:\WINDOWS\SYSTEM32\DBGHELP.DLL
0x00007ffdf9390000 - 0x00007ffdf9715000 	C:\WINDOWS\System32\combase.dll
0x00007ffdf85e0000 - 0x00007ffdf86b6000 	C:\WINDOWS\System32\OLEAUT32.dll
0x00007ffdd11a0000 - 0x00007ffdd11dc000 	C:\WINDOWS\SYSTEM32\dbgcore.DLL
0x00007ffdf72c0000 - 0x00007ffdf7365000 	C:\WINDOWS\System32\bcryptPrimitives.dll
0x00007ffdf3890000 - 0x00007ffdf389f000 	C:\Users\HP\.jdks\ms-17.0.16\bin\instrument.dll
0x00007ffdd60b0000 - 0x00007ffdd60d6000 	C:\Users\HP\.jdks\ms-17.0.16\bin\java.dll

dbghelp: loaded successfully - version: 4.0.5 - missing functions: none
symbol engine: initialized successfully - sym options: 0x614 - pdb path: .;C:\Users\HP\.jdks\ms-17.0.16\bin;C:\WINDOWS\SYSTEM32;C:\WINDOWS\WinSxS\amd64_microsoft.windows.common-controls_6595b64144ccf1df_6.0.26100.7309_none_3e05feeae336a044;C:\Users\HP\.jdks\ms-17.0.16\bin\server

VM Arguments:
jvm_args: -javaagent:C:\Program Files\JetBrains\IntelliJ IDEA 2025.2.2\lib\idea_rt.jar=58737 -Dfile.encoding=UTF-8 
java_command: com.nethmadtharuka.ai_research_platform.AiResearchPlatformApplication
java_class_path (initial): E:\Projects\RAGA\ai-research-platform\ai-research-platform\target\classes;C:\Users\HP\.m2\repository\org\springframework\boot\spring-boot-h2console\4.0.1\spring-boot-h2console-4.0.1.jar;C:\Users\HP\.m2\repository\org\springframework\boot\spring-boot\4.0.1\spring-boot-4.0.1.jar;C:\Users\HP\.m2\repository\org\springframework\spring-core\7.0.2\spring-core-7.0.2.jar;C:\Users\HP\.m2\repository\commons-logging\commons-logging\1.3.5\commons-logging-1.3.5.jar;C:\Users\HP\.m2\repository\org\jspecify\jspecify\1.0.0\jspecify-1.0.0.jar;C:\Users\HP\.m2\repository\org\springframework\spring-context\7.0.2\spring-context-7.0.2.jar;C:\Users\HP\.m2\repository\org\springframework\spring-aop\7.0.2\spring-aop-7.0.2.jar;C:\Users\HP\.m2\repository\org\springframework\spring-beans\7.0.2\spring-beans-7.0.2.jar;C:\Users\HP\.m2\repository\org\springframework\spring-expression\7.0.2\spring-expression-7.0.2.jar;C:\Users\HP\.m2\repository\io\micrometer\micrometer-observation\1.16.1\micrometer-observation-1.16.1.jar;C:\Users\HP\.m2\repository\io\micrometer\micrometer-commons\1.16.1\micrometer-commons-1.16.1.jar;C:\Users\HP\.m2\repository\jakarta\servlet\jakarta.servlet-api\6.1.0\jakarta.servlet-api-6.1.0.jar;C:\Users\HP\.m2\repository\org\springframework\boot\spring-boot-starter-data-jpa\4.0.1\spring-boot-starter-data-jpa-4.0.1.jar;C:\Users\HP\.m2\repository\org\springframework\boot\spring-boot-starter\4.0.1\spring-boot-starter-4.0.1.jar;C:\Users\HP\.m2\repository\org\springframework\boot\spring-boot-starter-logging\4.0.1\spring-boot-starter-logging-4.0.1.jar;C:\Users\HP\.m2\repository\ch\qos\logback\logback-classic\1.5.22\logback-classic-1.5.22.jar;C:\Users\HP\.m2\repository\ch\qos\logback\logback-core\1.5.22\logback-core-1.5.22.jar;C:\Users\HP\.m2\repository\org\apache\logging\log4j\log4j-to-slf4j\2.25.3\log4j-to-slf4j-2.25.3.jar;C:\Users\HP\.m2\repository\org\apache\logging\log4j\log4j-api\2.25.3\log4j-api-2.25.3.jar;C:\Users\HP\.m2\repository\org\slf4j\jul-to-slf4
Launcher Type: SUN_STANDARD

[Global flags]
     intx CICompilerCount                          = 4                                         {product} {ergonomic}
     uint ConcGCThreads                            = 3                                         {product} {ergonomic}
     uint G1ConcRefinementThreads                  = 10                                        {product} {ergonomic}
   size_t G1HeapRegionSize                         = 2097152                                   {product} {ergonomic}
    uintx GCDrainStackTargetSize                   = 64                                        {product} {ergonomic}
   size_t InitialHeapSize                          = 264241152                                 {product} {ergonomic}
   size_t MarkStackSize                            = 4194304                                   {product} {ergonomic}
   size_t MaxHeapSize                              = 4208984064                                {product} {ergonomic}
   size_t MinHeapDeltaBytes                        = 2097152                                   {product} {ergonomic}
   size_t MinHeapSize                              = 8388608                                   {product} {ergonomic}
    uintx NonNMethodCodeHeapSize                   = 5839372                                {pd product} {ergonomic}
    uintx NonProfiledCodeHeapSize                  = 122909434                              {pd product} {ergonomic}
    uintx ProfiledCodeHeapSize                     = 122909434                              {pd product} {ergonomic}
    uintx ReservedCodeCacheSize                    = 251658240                              {pd product} {ergonomic}
     bool SegmentedCodeCache                       = true                                      {product} {ergonomic}
   size_t SoftMaxHeapSize                          = 4208984064                             {manageable} {ergonomic}
     bool UseCompressedClassPointers               = true                           {product lp64_product} {ergonomic}
     bool UseCompressedOops                        = true                           {product lp64_product} {ergonomic}
     bool UseG1GC                                  = true                                      {product} {ergonomic}
     bool UseLargePagesIndividualAllocation        = false                                  {pd product} {ergonomic}

Logging:
Log output configuration:
 #0: stdout all=warning uptime,level,tags
 #1: stderr all=off uptime,level,tags

Environment Variables:
JAVA_HOME=C:\Program Files\Microsoft\jdk-17.0.16.8-hotspot\
PATH=C:\Program Files\Microsoft\jdk-17.0.16.8-hotspot\bin;C:\Python313\Scripts\;C:\Python313\;C:\Program Files\Common Files\Oracle\Java\javapath;C:\Program Files (x86)\Common Files\Oracle\Java\java8path;C:\Program Files (x86)\Common Files\Oracle\Java\javapath;C:\WINDOWS\system32;C:\WINDOWS;C:\WINDOWS\System32\Wbem;C:\WINDOWS\System32\WindowsPowerShell\v1.0\;C:\WINDOWS\System32\OpenSSH\;C:\Program Files\Azure Data Studio\bin;C:\Program Files\Microsoft SQL Server\110\Tools\Binn\;C:\Program Files\dotnet\;C:\Program Files (x86)\Microsoft SQL Server\110\Tools\Binn\;C:\Program Files\Microsoft SQL Server\110\DTS\Binn\;C:\Program Files (x86)\Microsoft SQL Server\160\DTS\Binn\;C:\Program Files\Git\cmd;C:\Program Files\MySQL\MySQL Server 8.4\bin;C:\ProgramData\chocolatey\bin;C:\Program Files\nodejs\;C:\Users\HP\Downloads\apache-maven-3.9.11-bin (1)\apache-maven-3.9.11\bin;C:\Users\HP\AppData\Roaming\Python\Python313\Scripts;C:\Program Files\MongoDB\Server\8.2\bin;;C:\Program Files\Docker\Docker\resources\bin;C:\Users\HP\AppData\Local\Microsoft\WindowsApps;C:\Program Files\Azure Data Studio\bin;C:\Users\HP\AppData\Local\Programs\Microsoft VS Code\bin;C:\MinGW\bin;C:\Users\HP\AppData\Local\Programs\cursor\resources\app\bin;C:\Users\HP\AppData\Roaming\npm;C:\Program Files\mongosh\;C:\flutter_windows_3.38.6-stable\flutter\bin;C:\Users\HP\AppData\Local\Programs\Antigravity\bin
USERNAME=HP
OS=Windows_NT
PROCESSOR_IDENTIFIER=Intel64 Family 6 Model 154 Stepping 4, GenuineIntel
TMP=C:\Users\HP\AppData\Local\Temp
TEMP=C:\Users\HP\AppData\Local\Temp



Periodic native trim disabled


---------------  S Y S T E M  ---------------

OS:
 Windows 11 , 64 bit Build 26100 (10.0.26100.7309)
OS uptime: 0 days 14:49 hours
Hyper-V role detected

CPU: total 12 (initial active 12) (6 cores per cpu, 2 threads per core) family 6 model 154 stepping 4 microcode 0x42c, cx8, cmov, fxsr, ht, mmx, 3dnowpref, sse, sse2, sse3, ssse3, sse4.1, sse4.2, popcnt, lzcnt, tsc, tscinvbit, avx, avx2, aes, erms, clmul, bmi1, bmi2, adx, sha, fma, vzeroupper, clflush, clflushopt, clwb, hv
Processor Information for processor 0
  Max Mhz: 1300, Current Mhz: 1300, Mhz Limit: 1300
Processor Information for processor 1
  Max Mhz: 1300, Current Mhz: 1300, Mhz Limit: 1300
Processor Information for processor 2
  Max Mhz: 1300, Current Mhz: 1300, Mhz Limit: 1300
Processor Information for processor 3
  Max Mhz: 1300, Current Mhz: 1300, Mhz Limit: 1300
Processor Information for processor 4
  Max Mhz: 1300, Current Mhz: 900, Mhz Limit: 897
Processor Information for processor 5
  Max Mhz: 1300, Current Mhz: 900, Mhz Limit: 897
Processor Information for processor 6
  Max Mhz: 1300, Current Mhz: 900, Mhz Limit: 897
Processor Information for processor 7
  Max Mhz: 1300, Current Mhz: 900, Mhz Limit: 897
Processor Information for processor 8
  Max Mhz: 1300, Current Mhz: 900, Mhz Limit: 897
Processor Information for processor 9
  Max Mhz: 1300, Current Mhz: 900, Mhz Limit: 897
Processor Information for processor 10
  Max Mhz: 1300, Current Mhz: 900, Mhz Limit: 897
Processor Information for processor 11
  Max Mhz: 1300, Current Mhz: 900, Mhz Limit: 897

Memory: 4k page, system-wide physical 16055M (1104M free)
TotalPageFile size 28343M (AvailPageFile size 184M)
current process WorkingSet (physical memory assigned to process): 13M, peak: 13M
current process commit charge ("private bytes"): 65M, peak: 316M

vm_info: OpenJDK 64-Bit Server VM (17.0.16+8-LTS) for windows-amd64 JRE (17.0.16+8-LTS), built on Jul 10 2025 00:24:24 by "MicrosoftCorporation" with unknown MS VC++:1944

END.
